<?xml version="1.0" encoding="UTF-8"?>
<coverage generated="1678751608504" clover="3.2.0">
  <project timestamp="1678751608504" name="All files">
    <metrics statements="35" coveredstatements="34" conditionals="8" coveredconditionals="7" methods="1" coveredmethods="1" elements="44" coveredelements="42" complexity="0" loc="35" ncloc="35" packages="4" files="5" classes="5"/>
    <package name="module4">
      <metrics statements="4" coveredstatements="4" conditionals="0" coveredconditionals="0" methods="0" coveredmethods="0"/>
      <file name="configs.ts" path="C:\Users\Nina\WebstormProjects\NodeJS_G_M_Program\nodeJS\src\module4\configs.ts">
        <metrics statements="4" coveredstatements="4" conditionals="0" coveredconditionals="0" methods="0" coveredmethods="0"/>
        <line num="1" count="1" type="stmt"/>
        <line num="2" count="1" type="stmt"/>
        <line num="3" count="1" type="stmt"/>
        <line num="4" count="1" type="stmt"/>
      </file>
    </package>
    <package name="module4.models">
      <metrics statements="7" coveredstatements="7" conditionals="0" coveredconditionals="0" methods="0" coveredmethods="0"/>
      <file name="db.ts" path="C:\Users\Nina\WebstormProjects\NodeJS_G_M_Program\nodeJS\src\module4\models\db.ts">
        <metrics statements="2" coveredstatements="2" conditionals="0" coveredconditionals="0" methods="0" coveredmethods="0"/>
        <line num="1" count="1" type="stmt"/>
        <line num="2" count="1" type="stmt"/>
      </file>
      <file name="user.model.ts" path="C:\Users\Nina\WebstormProjects\NodeJS_G_M_Program\nodeJS\src\module4\models\user.model.ts">
        <metrics statements="5" coveredstatements="5" conditionals="0" coveredconditionals="0" methods="0" coveredmethods="0"/>
        <line num="1" count="1" type="stmt"/>
        <line num="2" count="1" type="stmt"/>
        <line num="11" count="1" type="stmt"/>
        <line num="35" count="1" type="stmt"/>
        <line num="36" count="1" type="stmt"/>
      </file>
    </package>
    <package name="module4.services">
      <metrics statements="22" coveredstatements="21" conditionals="8" coveredconditionals="7" methods="1" coveredmethods="1"/>
      <file name="login.service.ts" path="C:\Users\Nina\WebstormProjects\NodeJS_G_M_Program\nodeJS\src\module4\services\login.service.ts">
        <metrics statements="22" coveredstatements="21" conditionals="8" coveredconditionals="7" methods="1" coveredmethods="1"/>
        <line num="2" count="1" type="stmt"/>
        <line num="4" count="1" type="stmt"/>
        <line num="5" count="1" type="stmt"/>
        <line num="6" count="1" type="stmt"/>
        <line num="8" count="1" type="stmt"/>
        <line num="9" count="3" type="stmt"/>
        <line num="10" count="3" type="stmt"/>
        <line num="11" count="3" type="stmt"/>
        <line num="12" count="3" type="cond" truecount="3" falsecount="0"/>
        <line num="13" count="1" type="stmt"/>
        <line num="15" count="2" type="stmt"/>
        <line num="18" count="2" type="cond" truecount="3" falsecount="0"/>
        <line num="19" count="1" type="stmt"/>
        <line num="20" count="1" type="cond" truecount="1" falsecount="1"/>
        <line num="21" count="1" type="stmt"/>
        <line num="22" count="1" type="stmt"/>
        <line num="23" count="1" type="stmt"/>
        <line num="24" count="1" type="stmt"/>
        <line num="25" count="1" type="stmt"/>
        <line num="26" count="1" type="stmt"/>
        <line num="28" count="0" type="stmt"/>
        <line num="32" count="1" type="stmt"/>
      </file>
    </package>
    <package name="module4.utils">
      <metrics statements="2" coveredstatements="2" conditionals="0" coveredconditionals="0" methods="0" coveredmethods="0"/>
      <file name="logger.ts" path="C:\Users\Nina\WebstormProjects\NodeJS_G_M_Program\nodeJS\src\module4\utils\logger.ts">
        <metrics statements="2" coveredstatements="2" conditionals="0" coveredconditionals="0" methods="0" coveredmethods="0"/>
        <line num="1" count="1" type="stmt"/>
        <line num="3" count="1" type="stmt"/>
      </file>
    </package>
  </project>
</coverage>
