{"C:\\Users\\Nina\\WebstormProjects\\NodeJS_G_M_Program\\nodeJS\\src\\module4\\configs.ts": {"path":"C:\\Users\\Nina\\WebstormProjects\\NodeJS_G_M_Program\\nodeJS\\src\\module4\\configs.ts","statementMap":{"0":{"start":{"line":1,"column":13},"end":{"line":1,"column":38}},"1":{"start":{"line":2,"column":13},"end":{"line":2,"column":41}},"2":{"start":{"line":3,"column":13},"end":{"line":3,"column":54}},"3":{"start":{"line":4,"column":13},"end":{"line":4,"column":50}}},"fnMap":{},"branchMap":{},"s":{"0":1,"1":1,"2":1,"3":1},"f":{},"b":{}}
,"C:\\Users\\Nina\\WebstormProjects\\NodeJS_G_M_Program\\nodeJS\\src\\module4\\models\\db.ts": {"path":"C:\\Users\\Nina\\WebstormProjects\\NodeJS_G_M_Program\\nodeJS\\src\\module4\\models\\db.ts","statementMap":{"0":{"start":{"line":1,"column":0},"end":{"line":1,"column":38}},"1":{"start":{"line":2,"column":0},"end":{"line":9,"column":3}}},"fnMap":{},"branchMap":{},"s":{"0":1,"1":1},"f":{},"b":{}}
,"C:\\Users\\Nina\\WebstormProjects\\NodeJS_G_M_Program\\nodeJS\\src\\module4\\models\\user.model.ts": {"path":"C:\\Users\\Nina\\WebstormProjects\\NodeJS_G_M_Program\\nodeJS\\src\\module4\\models\\user.model.ts","statementMap":{"0":{"start":{"line":1,"column":0},"end":{"line":1,"column":45}},"1":{"start":{"line":2,"column":0},"end":{"line":2,"column":29}},"2":{"start":{"line":11,"column":0},"end":{"line":34,"column":3}},"3":{"start":{"line":35,"column":0},"end":{"line":35,"column":12}},"4":{"start":{"line":36,"column":0},"end":{"line":36,"column":20}}},"fnMap":{},"branchMap":{},"s":{"0":1,"1":1,"2":1,"3":1,"4":1},"f":{},"b":{}}
,"C:\\Users\\Nina\\WebstormProjects\\NodeJS_G_M_Program\\nodeJS\\src\\module4\\services\\login.service.ts": {"path":"C:\\Users\\Nina\\WebstormProjects\\NodeJS_G_M_Program\\nodeJS\\src\\module4\\services\\login.service.ts","statementMap":{"0":{"start":{"line":2,"column":0},"end":{"line":2,"column":31}},"1":{"start":{"line":4,"column":0},"end":{"line":4,"column":39}},"2":{"start":{"line":5,"column":0},"end":{"line":5,"column":40}},"3":{"start":{"line":6,"column":0},"end":{"line":6,"column":108}},"4":{"start":{"line":9,"column":4},"end":{"line":33,"column":null}},"5":{"start":{"line":10,"column":8},"end":{"line":10,"column":94}},"6":{"start":{"line":11,"column":36},"end":{"line":11,"column":44}},"7":{"start":{"line":12,"column":8},"end":{"line":14,"column":null}},"8":{"start":{"line":13,"column":12},"end":{"line":13,"column":58}},"9":{"start":{"line":15,"column":21},"end":{"line":17,"column":11}},"10":{"start":{"line":18,"column":8},"end":{"line":30,"column":null}},"11":{"start":{"line":19,"column":12},"end":{"line":19,"column":null}},"12":{"start":{"line":20,"column":12},"end":{"line":29,"column":null}},"13":{"start":{"line":21,"column":16},"end":{"line":21,"column":null}},"14":{"start":{"line":22,"column":30},"end":{"line":22,"column":96}},"15":{"start":{"line":23,"column":16},"end":{"line":23,"column":null}},"16":{"start":{"line":24,"column":37},"end":{"line":24,"column":119}},"17":{"start":{"line":25,"column":16},"end":{"line":25,"column":49}},"18":{"start":{"line":26,"column":16},"end":{"line":26,"column":60}},"19":{"start":{"line":28,"column":16},"end":{"line":28,"column":65}},"20":{"start":{"line":32,"column":8},"end":{"line":32,"column":34}},"21":{"start":{"line":8,"column":0},"end":{"line":8,"column":7}}},"fnMap":{"0":{"name":"loginUser","decl":{"start":{"line":8,"column":22},"end":{"line":8,"column":31}},"loc":{"start":{"line":8,"column":60},"end":{"line":34,"column":1}}}},"branchMap":{"0":{"loc":{"start":{"line":12,"column":8},"end":{"line":14,"column":null}},"type":"if","locations":[{"start":{"line":12,"column":8},"end":{"line":14,"column":null}}]},"1":{"loc":{"start":{"line":12,"column":14},"end":{"line":12,"column":31}},"type":"binary-expr","locations":[{"start":{"line":12,"column":14},"end":{"line":12,"column":19}},{"start":{"line":12,"column":23},"end":{"line":12,"column":31}}]},"2":{"loc":{"start":{"line":18,"column":8},"end":{"line":30,"column":null}},"type":"if","locations":[{"start":{"line":18,"column":8},"end":{"line":30,"column":null}}]},"3":{"loc":{"start":{"line":18,"column":12},"end":{"line":18,"column":33}},"type":"binary-expr","locations":[{"start":{"line":18,"column":12},"end":{"line":18,"column":16}},{"start":{"line":18,"column":20},"end":{"line":18,"column":33}}]},"4":{"loc":{"start":{"line":20,"column":12},"end":{"line":29,"column":null}},"type":"if","locations":[{"start":{"line":20,"column":12},"end":{"line":29,"column":null}},{"start":{"line":27,"column":19},"end":{"line":29,"column":null}}]}},"s":{"0":1,"1":1,"2":1,"3":1,"4":3,"5":3,"6":3,"7":3,"8":1,"9":2,"10":2,"11":1,"12":1,"13":1,"14":1,"15":1,"16":1,"17":1,"18":1,"19":0,"20":1,"21":1},"f":{"0":3},"b":{"0":[1],"1":[3,3],"2":[1],"3":[2,1],"4":[1,0]}}
,"C:\\Users\\Nina\\WebstormProjects\\NodeJS_G_M_Program\\nodeJS\\src\\module4\\utils\\logger.ts": {"path":"C:\\Users\\Nina\\WebstormProjects\\NodeJS_G_M_Program\\nodeJS\\src\\module4\\utils\\logger.ts","statementMap":{"0":{"start":{"line":1,"column":0},"end":{"line":1,"column":52}},"1":{"start":{"line":3,"column":13},"end":{"line":32,"column":null}}},"fnMap":{},"branchMap":{},"s":{"0":1,"1":1},"f":{},"b":{}}
}
