TN:
SF:src\module4\configs.ts
FNF:0
FNH:0
DA:1,1
DA:2,1
DA:3,1
DA:4,1
LF:4
LH:4
BRF:0
BRH:0
end_of_record
TN:
SF:src\module4\models\db.ts
FNF:0
FNH:0
DA:1,1
DA:2,1
LF:2
LH:2
BRF:0
BRH:0
end_of_record
TN:
SF:src\module4\models\user.model.ts
FNF:0
FNH:0
DA:1,1
DA:2,1
DA:11,1
DA:35,1
DA:36,1
LF:5
LH:5
BRF:0
BRH:0
end_of_record
TN:
SF:src\module4\services\login.service.ts
FN:8,loginUser
FNF:1
FNH:1
FNDA:3,loginUser
DA:2,1
DA:4,1
DA:5,1
DA:6,1
DA:8,1
DA:9,3
DA:10,3
DA:11,3
DA:12,3
DA:13,1
DA:15,2
DA:18,2
DA:19,1
DA:20,1
DA:21,1
DA:22,1
DA:23,1
DA:24,1
DA:25,1
DA:26,1
DA:28,0
DA:32,1
LF:22
LH:21
BRDA:12,0,0,1
BRDA:12,1,0,3
BRDA:12,1,1,3
BRDA:18,2,0,1
BRDA:18,3,0,2
BRDA:18,3,1,1
BRDA:20,4,0,1
BRDA:20,4,1,0
BRF:8
BRH:7
end_of_record
TN:
SF:src\module4\utils\logger.ts
FNF:0
FNH:0
DA:1,1
DA:3,1
LF:2
LH:2
BRF:0
BRH:0
end_of_record
